Arguments: 
  /usr/local/Cellar/node/8.3.0/bin/node /usr/local/Cellar/yarn/0.27.5_1/libexec/bin/yarn.js run

PATH: 
  /Users/martin/.cabal/bin:/Users/martin/.nix-profile/bin:/Users/martin/.nix-profile/sbin:/Users/martin/Library/Haskell/bin:/Users/martin/.bin:/Users/martin/.npm-packages/bin/:/Users/martin/.cargo/bin:/usr/local/bin:/usr/bin:/bin:/usr/sbin:/sbin:/usr/local/MacGPG2/bin:/Users/martin/.nix-profile/bin:/Users/martin/.nix-profile/sbin:/Users/martin/Library/Haskell/bin:/Users/martin/.bin:/Users/martin/.npm-packages/bin/:/Users/martin/.cargo/bin:/Applications/Emacs.app/Contents/MacOS/bin-x86_64-10_9:/Applications/Emacs.app/Contents/MacOS/libexec-x86_64-10_9

Yarn version: 
  0.27.5

Node version: 
  8.3.0

Platform: 
  darwin x64

npm manifest: 
  {
    "name": "baum-experiment",
    "version": "1.0.0",
    "description": "木",
    "main": "src/baum.js",
    "author": "Martin Josefsson <hello@martinjosefsson.com>",
    "license": "GPLv3",
      "scripts": {
          "run": "./src/index.js"
      }
      "dependencies": {
          "ramda": "^0.24.1"
      }
  }

yarn manifest: 
  No manifest

Lockfile: 
  # THIS IS AN AUTOGENERATED FILE. DO NOT EDIT THIS FILE DIRECTLY.
  # yarn lockfile v1
  
  
  ramda@^0.24.1:
    version "0.24.1"
    resolved "https://registry.yarnpkg.com/ramda/-/ramda-0.24.1.tgz#c3b7755197f35b8dc3502228262c4c91ddb6b857"

Trace: 
  SyntaxError: /Users/martin/code/baum-experiment/package.json: Unexpected string in JSON at position 241
      at JSON.parse (<anonymous>)
      at /usr/local/Cellar/yarn/0.27.5_1/libexec/lib/yarn-cli.js:747:57
      at Generator.next (<anonymous>)
      at step (/usr/local/Cellar/yarn/0.27.5_1/libexec/lib/yarn-cli.js:91:30)
      at /usr/local/Cellar/yarn/0.27.5_1/libexec/lib/yarn-cli.js:102:13
      at <anonymous>
